app/build/intermediates/manifest_merge_blame_file/debug/manifest-merger-blame-debug-report.txt
1<?xml version="1.0" encoding="utf-8"?>
2<manifest xmlns:android="http://schemas.android.com/apk/res/android"
3    xmlns:dist="http://schemas.android.com/apk/distribution"
4    package="org.tensorflow.lite.examples.imageclassification"
5    android:versionCode="1"
6    android:versionName="1.0" >
7
8    <uses-sdk
9        android:minSdkVersion="23"
9-->src\main\AndroidManifest.xml
10        android:targetSdkVersion="32" />
10-->src\main\AndroidManifest.xml
11    <!-- Enable instant app support -->
12    <dist:module dist:instant="true" /> <!-- Declare features -->
12-->src\main\AndroidManifest.xml:7:5-40
12-->src\main\AndroidManifest.xml:7:18-37
13    <uses-feature android:name="android.hardware.camera" /> <!-- Declare permissions -->
13-->src\main\AndroidManifest.xml:8:5-60
13-->src\main\AndroidManifest.xml:8:19-57
14    <uses-permission android:name="android.permission.CAMERA" />
14-->src\main\AndroidManifest.xml:9:5-65
14-->src\main\AndroidManifest.xml:9:22-62
15    <uses-permission android:name="android.permission.WRITE_EXTERNAL_STORAGE" />
16    <uses-permission android:name="android.permission.READ_PHONE_STATE" />
17    <uses-permission android:name="android.permission.READ_EXTERNAL_STORAGE" />
18
19    <application
19-->src\main\AndroidManifest.xml:11:5-48:19
20        android:allowBackup="true"
20-->src\main\AndroidManifest.xml:12:9-35
21        android:appComponentFactory="androidx.core.app.CoreComponentFactory"
21-->[androidx.core:core:1.8.0] AndroidManifest.xml:24:18-86
22        android:debuggable="true"
23        android:extractNativeLibs="false"
24        android:icon="@mipmap/ic_launcher"
24-->src\main\AndroidManifest.xml:13:9-43
25        android:label="@string/app_name"
25-->src\main\AndroidManifest.xml:14:9-41
26        android:roundIcon="@mipmap/ic_launcher_round"
26-->src\main\AndroidManifest.xml:15:9-54
27        android:supportsRtl="true"
27-->src\main\AndroidManifest.xml:16:9-35
28        android:taskAffinity=""
28-->src\main\AndroidManifest.xml:17:9-32
29        android:testOnly="true" >
30        <activity
30-->src\main\AndroidManifest.xml:19:9-25:20
31            android:name="org.tensorflow.lite.examples.imageclassification.MainActivity2"
31-->src\main\AndroidManifest.xml:20:13-42
32            android:exported="false" >
32-->src\main\AndroidManifest.xml:21:13-37
33            <meta-data
33-->src\main\AndroidManifest.xml:22:13-24:36
34                android:name="android.app.lib_name"
34-->src\main\AndroidManifest.xml:23:17-52
35                android:value="" />
35-->src\main\AndroidManifest.xml:24:17-33
36        </activity>
37        <activity
37-->src\main\AndroidManifest.xml:26:9-47:20
38            android:name="org.tensorflow.lite.examples.imageclassification.MainActivity"
38-->src\main\AndroidManifest.xml:27:13-41
39            android:clearTaskOnLaunch="true"
39-->src\main\AndroidManifest.xml:28:13-45
40            android:configChanges="orientation|screenLayout|screenSize|smallestScreenSize"
40-->src\main\AndroidManifest.xml:29:13-91
41            android:exported="true"
41-->src\main\AndroidManifest.xml:30:13-36
42            android:resizeableActivity="true"
42-->src\main\AndroidManifest.xml:31:13-46
43            android:rotationAnimation="seamless"
43-->src\main\AndroidManifest.xml:32:13-49
44            android:theme="@style/AppTheme" >
44-->src\main\AndroidManifest.xml:33:13-44
45
46            <!-- Main app intent filter -->
47            <intent-filter>
47-->src\main\AndroidManifest.xml:37:13-41:29
48                <action android:name="android.intent.action.MAIN" />
48-->src\main\AndroidManifest.xml:38:17-69
48-->src\main\AndroidManifest.xml:38:25-66
49
50                <category android:name="android.intent.category.LAUNCHER" />
50-->src\main\AndroidManifest.xml:40:17-77
50-->src\main\AndroidManifest.xml:40:27-74
51            </intent-filter>
52
53            <!-- Declare notch support -->
54            <meta-data
54-->src\main\AndroidManifest.xml:44:13-46:40
55                android:name="android.notch_support"
55-->src\main\AndroidManifest.xml:45:17-53
56                android:value="true" />
56-->src\main\AndroidManifest.xml:46:17-37
57        </activity>
58
59        <uses-library
59-->[androidx.window:window:1.0.0] AndroidManifest.xml:25:9-27:40
60            android:name="androidx.window.extensions"
60-->[androidx.window:window:1.0.0] AndroidManifest.xml:26:13-54
61            android:required="false" />
61-->[androidx.window:window:1.0.0] AndroidManifest.xml:27:13-37
62        <uses-library
62-->[androidx.window:window:1.0.0] AndroidManifest.xml:28:9-30:40
63            android:name="androidx.window.sidecar"
63-->[androidx.window:window:1.0.0] AndroidManifest.xml:29:13-51
64            android:required="false" />
64-->[androidx.window:window:1.0.0] AndroidManifest.xml:30:13-37
65
66        <service
66-->[androidx.camera:camera-camera2:1.2.0-alpha04] AndroidManifest.xml:24:9-33:19
67            android:name="androidx.camera.core.impl.MetadataHolderService"
67-->[androidx.camera:camera-camera2:1.2.0-alpha04] AndroidManifest.xml:25:13-75
68            android:enabled="false"
68-->[androidx.camera:camera-camera2:1.2.0-alpha04] AndroidManifest.xml:26:13-36
69            android:exported="false" >
69-->[androidx.camera:camera-camera2:1.2.0-alpha04] AndroidManifest.xml:27:13-37
70            <meta-data
70-->[androidx.camera:camera-camera2:1.2.0-alpha04] AndroidManifest.xml:30:13-32:89
71                android:name="androidx.camera.core.impl.MetadataHolderService.DEFAULT_CONFIG_PROVIDER"
71-->[androidx.camera:camera-camera2:1.2.0-alpha04] AndroidManifest.xml:31:17-103
72                android:value="androidx.camera.camera2.Camera2Config$DefaultProvider" />
72-->[androidx.camera:camera-camera2:1.2.0-alpha04] AndroidManifest.xml:32:17-86
73        </service>
74
75        <provider
75-->[androidx.emoji2:emoji2:1.0.0] AndroidManifest.xml:26:9-34:20
76            android:name="androidx.startup.InitializationProvider"
76-->[androidx.emoji2:emoji2:1.0.0] AndroidManifest.xml:27:13-67
77            android:authorities="org.tensorflow.lite.examples.imageclassification.androidx-startup"
77-->[androidx.emoji2:emoji2:1.0.0] AndroidManifest.xml:28:13-68
78            android:exported="false" >
78-->[androidx.emoji2:emoji2:1.0.0] AndroidManifest.xml:29:13-37
79            <meta-data
79-->[androidx.emoji2:emoji2:1.0.0] AndroidManifest.xml:31:13-33:52
80                android:name="androidx.emoji2.text.EmojiCompatInitializer"
80-->[androidx.emoji2:emoji2:1.0.0] AndroidManifest.xml:32:17-75
81                android:value="androidx.startup" />
81-->[androidx.emoji2:emoji2:1.0.0] AndroidManifest.xml:33:17-49
82            <meta-data
82-->[androidx.lifecycle:lifecycle-process:2.4.0] AndroidManifest.xml:31:13-33:52
83                android:name="androidx.lifecycle.ProcessLifecycleInitializer"
83-->[androidx.lifecycle:lifecycle-process:2.4.0] AndroidManifest.xml:32:17-78
84                android:value="androidx.startup" />
84-->[androidx.lifecycle:lifecycle-process:2.4.0] AndroidManifest.xml:33:17-49
85        </provider>
86    </application>
87
88</manifest>